<?xml version="1.0" encoding="UTF-8"?>
<!-- Generated by org.testng.reporters.JUnitReportReporter -->
<testsuite hostname="LAPTOP-DT7PUTNJ" failures="0" tests="1" name="tests.LoginTestFirefox" time="8.399" errors="0" timestamp="2023-04-28T10:48:39 EDT" skipped="0">
  <testcase classname="tests.LoginTestFirefox" name="logintoSFDC" time="8.399"/>
  <system-out/>
</testsuite> <!-- tests.LoginTestFirefox -->
