<?xml version="1.0" encoding="UTF-8"?>
<!-- Generated by org.testng.reporters.JUnitReportReporter -->
<testsuite hostname="LAPTOP-DT7PUTNJ" failures="0" tests="2" name="tests.LoginTest" time="12.131" errors="0" timestamp="2023-04-28T17:48:18 EDT" skipped="0">
  <testcase classname="tests.LoginTest" name="logintoSFDC" time="7.632"/>
  <system-out/>
  <testcase classname="tests.LoginTest" name="logintoSFDC" time="4.499"/>
  <system-out/>
</testsuite> <!-- tests.LoginTest -->
