<?xml version="1.0" encoding="UTF-8"?>
<!-- Generated by org.testng.reporters.JUnitReportReporter -->
<testsuite hostname="LAPTOP-DT7PUTNJ" failures="0" tests="1" name="tests.LoginTestChrome" time="6.011" errors="0" timestamp="2023-04-28T10:48:39 EDT" skipped="0">
  <testcase classname="tests.LoginTestChrome" name="logintoSFDC" time="6.011"/>
  <system-out/>
</testsuite> <!-- tests.LoginTestChrome -->
