<?xml version="1.0" encoding="UTF-8"?>
<!-- Generated by org.testng.reporters.JUnitReportReporter -->
<testsuite hostname="LAPTOP-DT7PUTNJ" failures="0" tests="1" name="tests.LoginTestChrome" time="23.030" errors="0" timestamp="2023-04-28T10:56:08 EDT" skipped="0">
  <testcase classname="tests.LoginTestChrome" name="logintoSFDC" time="23.030"/>
  <system-out/>
</testsuite> <!-- tests.LoginTestChrome -->
