<?xml version="1.0" encoding="UTF-8"?>
<!-- Generated by org.testng.reporters.JUnitReportReporter -->
<testsuite hostname="LAPTOP-DT7PUTNJ" failures="0" tests="2" name="tests.LoginTest" time="19.681" errors="0" timestamp="2023-04-29T13:22:22 EDT" skipped="0">
  <testcase classname="tests.LoginTest" name="logintoSFDC" time="8.963"/>
  <system-out/>
  <testcase classname="tests.LoginTest" name="logintoSFDC" time="10.718"/>
  <system-out/>
</testsuite> <!-- tests.LoginTest -->
