<?xml version="1.0" encoding="UTF-8"?>
<!-- Generated by org.testng.reporters.JUnitReportReporter -->
<testsuite hostname="LAPTOP-DT7PUTNJ" failures="0" tests="2" name="tests.LoginTest" time="11.569" errors="0" timestamp="2023-04-28T18:01:55 EDT" skipped="0">
  <testcase classname="tests.LoginTest" name="logintoSFDC" time="3.820"/>
  <system-out/>
  <testcase classname="tests.LoginTest" name="logintoSFDC" time="7.749"/>
  <system-out/>
</testsuite> <!-- tests.LoginTest -->
